#
# There is insufficient memory for the Java Runtime Environment to continue.
# Native memory allocation (mmap) failed to map 266338304 bytes for G1 virtual space
# Possible reasons:
#   The system is out of physical RAM or swap space
#   The process is running with CompressedOops enabled, and the Java Heap may be blocking the growth of the native heap
# Possible solutions:
#   Reduce memory load on the system
#   Increase physical memory or swap space
#   Check if swap backing store is full
#   Decrease Java heap size (-Xmx/-Xms)
#   Decrease number of Java threads
#   Decrease Java thread stack sizes (-Xss)
#   Set larger code cache with -XX:ReservedCodeCacheSize=
#   JVM is running with Zero Based Compressed Oops mode in which the Java heap is
#     placed in the first 32GB address space. The Java Heap base address is the
#     maximum limit for the native heap growth. Please use -XX:HeapBaseMinAddress
#     to set the Java Heap base and to place the Java Heap above 32GB virtual address.
# This output file may be truncated or incomplete.
#
#  Out of Memory Error (os_windows.cpp:3769), pid=41952, tid=54668
#
# JRE version:  (17.0.6) (build )
# Java VM: OpenJDK 64-Bit Server VM (17.0.6+0-b2043.56-10027231, mixed mode, sharing, tiered, compressed oops, compressed class ptrs, g1 gc, windows-amd64)
# No core dump will be written. Minidumps are not enabled by default on client versions of Windows
#

---------------  S U M M A R Y ------------

Command Line: org.jetbrains.kotlin.cli.jvm.K2JVMCompiler @C:\Users\Ricardo Caceres\Documents\Tec de Monterrey\7th Semester\AI-for-Data-Science\Mod4-IntegracionDeHardware\lab4\app\build\20230831_7057057894703024046.compiler.options

Host: Intel(R) Core(TM) i7-10750H CPU @ 2.60GHz, 12 cores, 15G,  Windows 11 , 64 bit Build 22621 (10.0.22621.2070)
Time: Thu Aug 31 13:50:26 2023 Central Standard Time (Mexico) elapsed time: 0.013560 seconds (0d 0h 0m 0s)

---------------  T H R E A D  ---------------

Current thread (0x000002873a5bc7b0):  JavaThread "Unknown thread" [_thread_in_vm, id=54668, stack(0x000000a48cf00000,0x000000a48d000000)]

Stack: [0x000000a48cf00000,0x000000a48d000000]
Native frames: (J=compiled Java code, j=interpreted, Vv=VM code, C=native code)
V  [jvm.dll+0x683c9a]
V  [jvm.dll+0x8427a4]
V  [jvm.dll+0x843f9e]
V  [jvm.dll+0x844603]
V  [jvm.dll+0x249b75]
V  [jvm.dll+0x680b69]
V  [jvm.dll+0x67505a]
V  [jvm.dll+0x309acb]
V  [jvm.dll+0x310f86]
V  [jvm.dll+0x3608ee]
V  [jvm.dll+0x360b1f]
V  [jvm.dll+0x2dfbf8]
V  [jvm.dll+0x2e0b64]
V  [jvm.dll+0x814091]
V  [jvm.dll+0x36e6a1]
V  [jvm.dll+0x7f35cc]
V  [jvm.dll+0x3f0e8f]
V  [jvm.dll+0x3f29d1]
C  [jli.dll+0x526b]
C  [ucrtbase.dll+0x29363]
C  [KERNEL32.DLL+0x126ad]
C  [ntdll.dll+0x5aa68]


---------------  P R O C E S S  ---------------

Threads class SMR info:
_java_thread_list=0x00007ff87426c058, length=0, elements={
}

Java Threads: ( => current thread )

Other Threads:
  0x000002873a627400 GCTaskThread "GC Thread#0" [stack: 0x000000a48d000000,0x000000a48d100000] [id=20112]
  0x000002873a637f90 ConcurrentGCThread "G1 Main Marker" [stack: 0x000000a48d100000,0x000000a48d200000] [id=59120]
  0x000002873a6389a0 ConcurrentGCThread "G1 Conc#0" [stack: 0x000000a48d200000,0x000000a48d300000] [id=60392]

[error occurred during error reporting (printing all threads), id 0xc0000005, EXCEPTION_ACCESS_VIOLATION (0xc0000005) at pc=0x00007ff873a20797]

VM state: not at safepoint (not fully initialized)

VM Mutex/Monitor currently owned by a thread:  ([mutex/lock_event])
[0x000002873a5b9ec0] Heap_lock - owner thread: 0x000002873a5bc7b0

Heap address: 0x0000000703a00000, size: 4038 MB, Compressed Oops mode: Zero based, Oop shift amount: 3

CDS archive(s) mapped at: [0x0000000000000000-0x0000000000000000-0x0000000000000000), size 0, SharedBaseAddress: 0x0000000800000000, ArchiveRelocationMode: 0.
Narrow klass base: 0x0000000000000000, Narrow klass shift: 0, Narrow klass range: 0x0

GC Precious Log:
<Empty>

Heap:
 garbage-first heap   total 0K, used 0K [0x0000000703a00000, 0x0000000800000000)
  region size 2048K, 0 young (0K), 0 survivors (0K)

[error occurred during error reporting (printing heap information), id 0xc0000005, EXCEPTION_ACCESS_VIOLATION (0xc0000005) at pc=0x00007ff873e0da89]

GC Heap History (0 events):
No events

Dll operation events (1 events):
Event: 0.008 Loaded shared library C:\Program Files\Android\Android Studio\jbr\bin\java.dll

Deoptimization events (0 events):
No events

Classes unloaded (0 events):
No events

Classes redefined (0 events):
No events

Internal exceptions (0 events):
No events

VM Operations (0 events):
No events

Events (0 events):
No events


Dynamic libraries:
0x00007ff605190000 - 0x00007ff60519a000 	C:\Program Files\Android\Android Studio\jbr\bin\java.exe
0x00007ff92fa90000 - 0x00007ff92fca4000 	C:\WINDOWS\SYSTEM32\ntdll.dll
0x00007ff92dfe0000 - 0x00007ff92e0a4000 	C:\WINDOWS\System32\KERNEL32.DLL
0x00007ff92d050000 - 0x00007ff92d3f4000 	C:\WINDOWS\System32\KERNELBASE.dll
0x00007ff92d430000 - 0x00007ff92d541000 	C:\WINDOWS\System32\ucrtbase.dll
0x00007ff8fa6f0000 - 0x00007ff8fa70b000 	C:\Program Files\Android\Android Studio\jbr\bin\VCRUNTIME140.dll
0x00007ff8f9fb0000 - 0x00007ff8f9fc7000 	C:\Program Files\Android\Android Studio\jbr\bin\jli.dll
0x00007ff92ec50000 - 0x00007ff92edfa000 	C:\WINDOWS\System32\USER32.dll
0x00007ff90f980000 - 0x00007ff90fc0f000 	C:\WINDOWS\WinSxS\amd64_microsoft.windows.common-controls_6595b64144ccf1df_6.0.22621.2070_none_2713e6537381f706\COMCTL32.dll
0x00007ff92d400000 - 0x00007ff92d426000 	C:\WINDOWS\System32\win32u.dll
0x00007ff92e470000 - 0x00007ff92e517000 	C:\WINDOWS\System32\msvcrt.dll
0x00007ff92e520000 - 0x00007ff92e549000 	C:\WINDOWS\System32\GDI32.dll
0x00007ff92d730000 - 0x00007ff92d849000 	C:\WINDOWS\System32\gdi32full.dll
0x00007ff92d610000 - 0x00007ff92d6aa000 	C:\WINDOWS\System32\msvcp_win.dll
0x00007ff92ee60000 - 0x00007ff92ee91000 	C:\WINDOWS\System32\IMM32.DLL
0x00007ff90a840000 - 0x00007ff90a84c000 	C:\Program Files\Android\Android Studio\jbr\bin\vcruntime140_1.dll
0x00007ff8db680000 - 0x00007ff8db70d000 	C:\Program Files\Android\Android Studio\jbr\bin\msvcp140.dll
0x00007ff873730000 - 0x00007ff87439e000 	C:\Program Files\Android\Android Studio\jbr\bin\server\jvm.dll
0x00007ff92eba0000 - 0x00007ff92ec50000 	C:\WINDOWS\System32\ADVAPI32.dll
0x00007ff92dab0000 - 0x00007ff92db56000 	C:\WINDOWS\System32\sechost.dll
0x00007ff92e0d0000 - 0x00007ff92e1e7000 	C:\WINDOWS\System32\RPCRT4.dll
0x00007ff920110000 - 0x00007ff920144000 	C:\WINDOWS\SYSTEM32\WINMM.dll
0x00007ff908180000 - 0x00007ff908189000 	C:\WINDOWS\SYSTEM32\WSOCK32.dll
0x00007ff92e960000 - 0x00007ff92e9d1000 	C:\WINDOWS\System32\WS2_32.dll
0x00007ff91b5f0000 - 0x00007ff91b5fa000 	C:\WINDOWS\SYSTEM32\VERSION.dll
0x00007ff92bfa0000 - 0x00007ff92bfb8000 	C:\WINDOWS\SYSTEM32\kernel.appcore.dll
0x00007ff914240000 - 0x00007ff91424a000 	C:\Program Files\Android\Android Studio\jbr\bin\jimage.dll
0x00007ff926e90000 - 0x00007ff9270be000 	C:\WINDOWS\SYSTEM32\DBGHELP.DLL
0x00007ff92e550000 - 0x00007ff92e8da000 	C:\WINDOWS\System32\combase.dll
0x00007ff92e320000 - 0x00007ff92e3f7000 	C:\WINDOWS\System32\OLEAUT32.dll
0x00007ff91b0b0000 - 0x00007ff91b0e2000 	C:\WINDOWS\SYSTEM32\dbgcore.DLL
0x00007ff92d6b0000 - 0x00007ff92d72a000 	C:\WINDOWS\System32\bcryptPrimitives.dll
0x00007ff8fa730000 - 0x00007ff8fa755000 	C:\Program Files\Android\Android Studio\jbr\bin\java.dll

dbghelp: loaded successfully - version: 4.0.5 - missing functions: none
symbol engine: initialized successfully - sym options: 0x614 - pdb path: .;C:\Program Files\Android\Android Studio\jbr\bin;C:\WINDOWS\SYSTEM32;C:\WINDOWS\WinSxS\amd64_microsoft.windows.common-controls_6595b64144ccf1df_6.0.22621.2070_none_2713e6537381f706;C:\Program Files\Android\Android Studio\jbr\bin\server

VM Arguments:
java_command: org.jetbrains.kotlin.cli.jvm.K2JVMCompiler @C:\Users\Ricardo Caceres\Documents\Tec de Monterrey\7th Semester\AI-for-Data-Science\Mod4-IntegracionDeHardware\lab4\app\build\20230831_7057057894703024046.compiler.options
java_class_path (initial): C:\Users\Ricardo Caceres\.gradle\caches\modules-2\files-2.1\org.jetbrains.kotlin\kotlin-compiler-embeddable\1.8.10\b0757fd774344d54ce93f5ad6c30ba1c1731c8ff\kotlin-compiler-embeddable-1.8.10.jar;C:\Users\Ricardo Caceres\.gradle\caches\modules-2\files-2.1\org.jetbrains.kotlin\kotlin-stdlib\1.8.10\6d5560a229477df9406943d5feda5618e98eb64c\kotlin-stdlib-1.8.10.jar;C:\Users\Ricardo Caceres\.gradle\caches\modules-2\files-2.1\org.jetbrains.kotlin\kotlin-script-runtime\1.8.10\b13ea9c7e46d589139e56086a878763290e20bd5\kotlin-script-runtime-1.8.10.jar;C:\Users\Ricardo Caceres\.gradle\caches\modules-2\files-2.1\org.jetbrains.kotlin\kotlin-reflect\1.6.10\1cbe9c92c12a94eea200d23c2bbaedaf3daf5132\kotlin-reflect-1.6.10.jar;C:\Users\Ricardo Caceres\.gradle\caches\modules-2\files-2.1\org.jetbrains.kotlin\kotlin-daemon-embeddable\1.8.10\ad8541d9bc1cf9e52c3204161247910c2cf601d4\kotlin-daemon-embeddable-1.8.10.jar;C:\Users\Ricardo Caceres\.gradle\caches\modules-2\files-2.1\org.jetbrains.intellij.deps\trove4j\1.0.20200330\3afb14d5f9ceb459d724e907a21145e8ff394f02\trove4j-1.0.20200330.jar;C:\Users\Ricardo Caceres\.gradle\caches\modules-2\files-2.1\net.java.dev.jna\jna\5.6.0\330f2244e9030119ab3030fc3fededc86713d9cc\jna-5.6.0.jar;C:\Users\Ricardo Caceres\.gradle\caches\modules-2\files-2.1\org.jetbrains.kotlin\kotlin-stdlib-common\1.8.10\a61b182458550492c12aee66157d7b524a63a5ec\kotlin-stdlib-common-1.8.10.jar;C:\Users\Ricardo Caceres\.gradle\caches\modules-2\files-2.1\org.jetbrains\annotations\13.0\919f0dfe192fb4e063e7dacadee7f8bb9a2672a9\annotations-13.0.jar
Launcher Type: SUN_STANDARD

[Global flags]
     intx CICompilerCount                          = 4                                         {product} {ergonomic}
     uint ConcGCThreads                            = 3                                         {product} {ergonomic}
     uint G1ConcRefinementThreads                  = 10                                        {product} {ergonomic}
   size_t G1HeapRegionSize                         = 2097152                                   {product} {ergonomic}
    uintx GCDrainStackTargetSize                   = 64                                        {product} {ergonomic}
   size_t InitialHeapSize                          = 266338304                                 {product} {ergonomic}
   size_t MarkStackSize                            = 4194304                                   {product} {ergonomic}
   size_t MaxHeapSize                              = 4234149888                                {product} {ergonomic}
   size_t MinHeapDeltaBytes                        = 2097152                                   {product} {ergonomic}
   size_t MinHeapSize                              = 8388608                                   {product} {ergonomic}
    uintx NonNMethodCodeHeapSize                   = 5839372                                {pd product} {ergonomic}
    uintx NonProfiledCodeHeapSize                  = 122909434                              {pd product} {ergonomic}
    uintx ProfiledCodeHeapSize                     = 122909434                              {pd product} {ergonomic}
    uintx ReservedCodeCacheSize                    = 251658240                              {pd product} {ergonomic}
     bool SegmentedCodeCache                       = true                                      {product} {ergonomic}
   size_t SoftMaxHeapSize                          = 4234149888                             {manageable} {ergonomic}
     bool UseCompressedClassPointers               = true                           {product lp64_product} {ergonomic}
     bool UseCompressedOops                        = true                           {product lp64_product} {ergonomic}
     bool UseG1GC                                  = true                                      {product} {ergonomic}
     bool UseLargePagesIndividualAllocation        = false                                  {pd product} {ergonomic}

Logging:
Log output configuration:
 #0: stdout all=warning uptime,level,tags
 #1: stderr all=off uptime,level,tags

Environment Variables:
PATH=C:\Program Files\Microsoft\jdk-11.0.12.7-hotspot\bin;C:\Program Files (x86)\Common Files\Oracle\Java\javapath;C:\Program Files\Python39\Scripts\;C:\Program Files\Python39\;C:\Windows\system32;C:\Windows;C:\Windows\System32\Wbem;C:\Windows\System32\WindowsPowerShell\v1.0\;C:\Windows\System32\OpenSSH\;C:\Program Files (x86)\NVIDIA Corporation\PhysX\Common;C:\Program Files\NVIDIA Corporation\NVIDIA NvDLISR;C:\Program Files\MATLAB\R2021a\runtime\win64;C:\Program Files\MATLAB\R2021a\bin;C:\MinGW\bin;C:\Program Files\Git\cmd;C:\Program Files\Git;C:\Program Files\nodejs\;C:\WINDOWS\system32;C:\WINDOWS;C:\WINDOWS\System32\Wbem;C:\WINDOWS\System32\WindowsPowerShell\v1.0\;C:\WINDOWS\System32\OpenSSH\;C:\Program Files\dotnet\;C:\Program Files\Racket;C:\Program Files\swipl\bin;C:\Program Files (x86)\dotnet\;c:\users\ricardo caceres\appdata\roaming\python\python39;c:\users\ricardo caceres\appdata\roaming\python\python39\scripts;C:\Program Files\Microsoft SQL Server\150\Tools\Binn\;C:\Program Files\Microsoft SQL Server\Client SDK\ODBC\170\Tools\Binn\;C:\Program Files\Git LFS;C:\Program Files\MySQL\MySQL Shell 8.0\bin\;C:\Users\Ricardo Caceres\AppData\Local\Microsoft\WindowsApps;C:\Users\Ricardo Caceres\AppData\Local\Programs\Microsoft VS Code\bin;C:\Users\Ricardo Caceres\Downloads\_temp_matlab_R2021a_win64\extern\lib\win64\mingw64;C:\Users\Ricardo Caceres\Downloads\_temp_matlab_R2021a_win64\extern\lib\win64;C:\intelFPGA_lite\18.1\modelsim_ase\win32aloem;C:\Users\Ricardo Caceres\AppData\Roaming\npm;C:\Users\Ricardo Caceres\AppData\Local\atom\bin;C:\Users\Ricardo Caceres\AppData\Local\Google\Cloud SDK\google-cloud-sdk\bin;C:\MinGW\bin;C:\ProgramData\Ricardo Caceres\atom\bin;C:\Users\Ricardo Caceres\.dotnet\tools;C:\Users\Ricardo Caceres\AppData\Local\GitHubDesktop\bin;C:\Users\Ricardo Caceres\AppData\Local\Microsoft\WindowsApps;C:\PATH_Programs;
USERNAME=Ricardo Caceres
OS=Windows_NT
PROCESSOR_IDENTIFIER=Intel64 Family 6 Model 165 Stepping 2, GenuineIntel
TMP=C:\Users\Ricardo Caceres\AppData\Local\Temp
TEMP=C:\Users\Ricardo Caceres\AppData\Local\Temp


JNI global refs:

[error occurred during error reporting (JNI global references), id 0xc0000005, EXCEPTION_ACCESS_VIOLATION (0xc0000005) at pc=0x00007ff8737e7a10]


---------------  S Y S T E M  ---------------

OS:
 Windows 11 , 64 bit Build 22621 (10.0.22621.2070)
OS uptime: 19 days 17:10 hours

CPU: total 12 (initial active 12) (6 cores per cpu, 2 threads per core) family 6 model 165 stepping 2 microcode 0xf4, cx8, cmov, fxsr, ht, mmx, 3dnowpref, sse, sse2, sse3, ssse3, sse4.1, sse4.2, popcnt, lzcnt, tsc, tscinvbit, avx, avx2, aes, erms, clmul, bmi1, bmi2, adx, fma, vzeroupper, clflush, clflushopt

Memory: 4k page, system-wide physical 16145M (588M free)
TotalPageFile size 65297M (AvailPageFile size 76M)
current process WorkingSet (physical memory assigned to process): 11M, peak: 11M
current process commit charge ("private bytes"): 64M, peak: 318M

vm_info: OpenJDK 64-Bit Server VM (17.0.6+0-b2043.56-10027231) for windows-amd64 JRE (17.0.6+0-b2043.56-10027231), built on Apr 28 2023 00:43:19 by "androidbuild" with MS VC++ 16.10 / 16.11 (VS2019)

END.
